{"/Users/massucattoj/Codes/Others/weather-application/server/src/controllers/cityController.ts": {"path":"/Users/massucattoj/Codes/Others/weather-application/server/src/controllers/cityController.ts","statementMap":{"0":{"start":{"line":2,"column":0},"end":{"line":2,"column":53}},"1":{"start":{"line":3,"column":0},"end":{"line":3,"column":44}},"2":{"start":{"line":5,"column":25},"end":{"line":22,"column":1}},"3":{"start":{"line":6,"column":2},"end":{"line":21,"column":3}},"4":{"start":{"line":7,"column":22},"end":{"line":7,"column":31}},"5":{"start":{"line":9,"column":4},"end":{"line":11,"column":5}},"6":{"start":{"line":10,"column":6},"end":{"line":10,"column":null}},"7":{"start":{"line":13,"column":19},"end":{"line":13,"column":53}},"8":{"start":{"line":14,"column":4},"end":{"line":14,"column":null}},"9":{"start":{"line":16,"column":4},"end":{"line":20,"column":5}},"10":{"start":{"line":17,"column":6},"end":{"line":17,"column":null}},"11":{"start":{"line":19,"column":6},"end":{"line":19,"column":null}},"12":{"start":{"line":5,"column":13},"end":{"line":5,"column":25}}},"fnMap":{"0":{"name":"(anonymous_0)","decl":{"start":{"line":5,"column":25},"end":{"line":5,"column":30}},"loc":{"start":{"line":5,"column":63},"end":{"line":22,"column":1}}}},"branchMap":{"0":{"loc":{"start":{"line":9,"column":4},"end":{"line":11,"column":5}},"type":"if","locations":[{"start":{"line":9,"column":4},"end":{"line":11,"column":5}}]},"1":{"loc":{"start":{"line":16,"column":4},"end":{"line":20,"column":5}},"type":"if","locations":[{"start":{"line":16,"column":4},"end":{"line":20,"column":5}},{"start":{"line":18,"column":11},"end":{"line":20,"column":5}}]}},"s":{"0":1,"1":1,"2":1,"3":4,"4":4,"5":4,"6":1,"7":3,"8":1,"9":3,"10":2,"11":1,"12":1},"f":{"0":4},"b":{"0":[1],"1":[2,1]}}
,"/Users/massucattoj/Codes/Others/weather-application/server/src/controllers/weatherController.ts": {"path":"/Users/massucattoj/Codes/Others/weather-application/server/src/controllers/weatherController.ts","statementMap":{"0":{"start":{"line":2,"column":0},"end":{"line":2,"column":null}},"1":{"start":{"line":6,"column":0},"end":{"line":6,"column":44}},"2":{"start":{"line":8,"column":26},"end":{"line":31,"column":1}},"3":{"start":{"line":9,"column":2},"end":{"line":30,"column":3}},"4":{"start":{"line":10,"column":31},"end":{"line":10,"column":40}},"5":{"start":{"line":12,"column":4},"end":{"line":14,"column":5}},"6":{"start":{"line":13,"column":6},"end":{"line":13,"column":null}},"7":{"start":{"line":17,"column":4},"end":{"line":21,"column":5}},"8":{"start":{"line":18,"column":6},"end":{"line":18,"column":null}},"9":{"start":{"line":19,"column":11},"end":{"line":21,"column":5}},"10":{"start":{"line":20,"column":6},"end":{"line":20,"column":null}},"11":{"start":{"line":23,"column":4},"end":{"line":23,"column":null}},"12":{"start":{"line":25,"column":4},"end":{"line":29,"column":5}},"13":{"start":{"line":26,"column":6},"end":{"line":26,"column":null}},"14":{"start":{"line":28,"column":6},"end":{"line":28,"column":null}},"15":{"start":{"line":8,"column":13},"end":{"line":8,"column":26}}},"fnMap":{"0":{"name":"(anonymous_0)","decl":{"start":{"line":8,"column":26},"end":{"line":8,"column":31}},"loc":{"start":{"line":8,"column":64},"end":{"line":31,"column":1}}}},"branchMap":{"0":{"loc":{"start":{"line":12,"column":4},"end":{"line":14,"column":5}},"type":"if","locations":[{"start":{"line":12,"column":4},"end":{"line":14,"column":5}}]},"1":{"loc":{"start":{"line":12,"column":8},"end":{"line":12,"column":30}},"type":"binary-expr","locations":[{"start":{"line":12,"column":8},"end":{"line":12,"column":13}},{"start":{"line":12,"column":17},"end":{"line":12,"column":30}}]},"2":{"loc":{"start":{"line":12,"column":19},"end":{"line":12,"column":29}},"type":"binary-expr","locations":[{"start":{"line":12,"column":19},"end":{"line":12,"column":22}},{"start":{"line":12,"column":26},"end":{"line":12,"column":29}}]},"3":{"loc":{"start":{"line":17,"column":4},"end":{"line":21,"column":5}},"type":"if","locations":[{"start":{"line":17,"column":4},"end":{"line":21,"column":5}},{"start":{"line":19,"column":11},"end":{"line":21,"column":5}}]},"4":{"loc":{"start":{"line":19,"column":11},"end":{"line":21,"column":5}},"type":"if","locations":[{"start":{"line":19,"column":11},"end":{"line":21,"column":5}}]},"5":{"loc":{"start":{"line":19,"column":15},"end":{"line":19,"column":25}},"type":"binary-expr","locations":[{"start":{"line":19,"column":15},"end":{"line":19,"column":18}},{"start":{"line":19,"column":22},"end":{"line":19,"column":25}}]},"6":{"loc":{"start":{"line":25,"column":4},"end":{"line":29,"column":5}},"type":"if","locations":[{"start":{"line":25,"column":4},"end":{"line":29,"column":5}},{"start":{"line":27,"column":11},"end":{"line":29,"column":5}}]}},"s":{"0":1,"1":1,"2":1,"3":5,"4":5,"5":5,"6":1,"7":4,"8":3,"9":1,"10":1,"11":2,"12":3,"13":2,"14":1,"15":1},"f":{"0":5},"b":{"0":[1],"1":[5,2],"2":[2,1],"3":[3,1],"4":[1],"5":[1,1],"6":[2,1]}}
,"/Users/massucattoj/Codes/Others/weather-application/server/src/services/cityService.ts": {"path":"/Users/massucattoj/Codes/Others/weather-application/server/src/services/cityService.ts","statementMap":{"0":{"start":{"line":1,"column":0},"end":{"line":1,"column":25}},"1":{"start":{"line":3,"column":20},"end":{"line":3,"column":69}},"2":{"start":{"line":4,"column":20},"end":{"line":4,"column":24}},"3":{"start":{"line":5,"column":21},"end":{"line":5,"column":23}},"4":{"start":{"line":7,"column":27},"end":{"line":25,"column":1}},"5":{"start":{"line":8,"column":2},"end":{"line":10,"column":3}},"6":{"start":{"line":9,"column":4},"end":{"line":9,"column":null}},"7":{"start":{"line":12,"column":19},"end":{"line":22,"column":4}},"8":{"start":{"line":24,"column":2},"end":{"line":24,"column":null}},"9":{"start":{"line":7,"column":13},"end":{"line":7,"column":27}}},"fnMap":{"0":{"name":"(anonymous_1)","decl":{"start":{"line":7,"column":27},"end":{"line":7,"column":32}},"loc":{"start":{"line":7,"column":51},"end":{"line":25,"column":1}}}},"branchMap":{"0":{"loc":{"start":{"line":8,"column":2},"end":{"line":10,"column":3}},"type":"if","locations":[{"start":{"line":8,"column":2},"end":{"line":10,"column":3}}]}},"s":{"0":2,"1":2,"2":2,"3":2,"4":2,"5":3,"6":1,"7":2,"8":1,"9":2},"f":{"0":3},"b":{"0":[1]}}
,"/Users/massucattoj/Codes/Others/weather-application/server/src/services/weatherService.ts": {"path":"/Users/massucattoj/Codes/Others/weather-application/server/src/services/weatherService.ts","statementMap":{"0":{"start":{"line":1,"column":0},"end":{"line":1,"column":25}},"1":{"start":{"line":3,"column":24},"end":{"line":3,"column":73}},"2":{"start":{"line":4,"column":16},"end":{"line":4,"column":20}},"3":{"start":{"line":6,"column":34},"end":{"line":21,"column":1}},"4":{"start":{"line":7,"column":2},"end":{"line":9,"column":3}},"5":{"start":{"line":8,"column":4},"end":{"line":8,"column":null}},"6":{"start":{"line":11,"column":19},"end":{"line":18,"column":4}},"7":{"start":{"line":20,"column":2},"end":{"line":20,"column":null}},"8":{"start":{"line":6,"column":13},"end":{"line":6,"column":34}},"9":{"start":{"line":23,"column":41},"end":{"line":39,"column":1}},"10":{"start":{"line":24,"column":2},"end":{"line":26,"column":3}},"11":{"start":{"line":25,"column":4},"end":{"line":25,"column":null}},"12":{"start":{"line":28,"column":19},"end":{"line":36,"column":4}},"13":{"start":{"line":38,"column":2},"end":{"line":38,"column":null}},"14":{"start":{"line":23,"column":13},"end":{"line":23,"column":41}}},"fnMap":{"0":{"name":"(anonymous_1)","decl":{"start":{"line":6,"column":34},"end":{"line":6,"column":39}},"loc":{"start":{"line":6,"column":57},"end":{"line":21,"column":1}}},"1":{"name":"(anonymous_2)","decl":{"start":{"line":23,"column":41},"end":{"line":23,"column":46}},"loc":{"start":{"line":23,"column":76},"end":{"line":39,"column":1}}}},"branchMap":{"0":{"loc":{"start":{"line":7,"column":2},"end":{"line":9,"column":3}},"type":"if","locations":[{"start":{"line":7,"column":2},"end":{"line":9,"column":3}}]},"1":{"loc":{"start":{"line":24,"column":2},"end":{"line":26,"column":3}},"type":"if","locations":[{"start":{"line":24,"column":2},"end":{"line":26,"column":3}}]}},"s":{"0":2,"1":2,"2":2,"3":2,"4":2,"5":1,"6":1,"7":1,"8":2,"9":2,"10":2,"11":1,"12":1,"13":1,"14":2},"f":{"0":2,"1":2},"b":{"0":[1],"1":[1]}}
,"/Users/massucattoj/Codes/Others/weather-application/server/src/utils/apiError.ts": {"path":"/Users/massucattoj/Codes/Others/weather-application/server/src/utils/apiError.ts","statementMap":{"0":{"start":{"line":3,"column":4},"end":{"line":3,"column":null}},"1":{"start":{"line":2,"column":21},"end":{"line":2,"column":39}},"2":{"start":{"line":4,"column":4},"end":{"line":4,"column":null}},"3":{"start":{"line":1,"column":0},"end":{"line":1,"column":13}}},"fnMap":{"0":{"name":"(anonymous_0)","decl":{"start":{"line":2,"column":2},"end":{"line":2,"column":21}},"loc":{"start":{"line":2,"column":56},"end":{"line":5,"column":3}}}},"branchMap":{},"s":{"0":4,"1":4,"2":4,"3":2},"f":{"0":4},"b":{}}
}
