TN:
SF:src/controllers/cityController.ts
FN:5,(anonymous_0)
FNF:1
FNH:1
FNDA:4,(anonymous_0)
DA:2,1
DA:3,1
DA:5,1
DA:6,4
DA:7,4
DA:9,4
DA:10,1
DA:13,3
DA:14,1
DA:16,3
DA:17,2
DA:19,1
LF:12
LH:12
BRDA:9,0,0,1
BRDA:16,1,0,2
BRDA:16,1,1,1
BRF:3
BRH:3
end_of_record
TN:
SF:src/controllers/weatherController.ts
FN:8,(anonymous_0)
FNF:1
FNH:1
FNDA:5,(anonymous_0)
DA:2,1
DA:6,1
DA:8,1
DA:9,5
DA:10,5
DA:12,5
DA:13,1
DA:17,4
DA:18,3
DA:19,1
DA:20,1
DA:23,2
DA:25,3
DA:26,2
DA:28,1
LF:15
LH:15
BRDA:12,0,0,1
BRDA:12,1,0,5
BRDA:12,1,1,2
BRDA:12,2,0,2
BRDA:12,2,1,1
BRDA:17,3,0,3
BRDA:17,3,1,1
BRDA:19,4,0,1
BRDA:19,5,0,1
BRDA:19,5,1,1
BRDA:25,6,0,2
BRDA:25,6,1,1
BRF:12
BRH:12
end_of_record
TN:
SF:src/services/cityService.ts
FN:7,(anonymous_1)
FNF:1
FNH:1
FNDA:3,(anonymous_1)
DA:1,2
DA:3,2
DA:4,2
DA:5,2
DA:7,2
DA:8,3
DA:9,1
DA:12,2
DA:24,1
LF:9
LH:9
BRDA:8,0,0,1
BRF:1
BRH:1
end_of_record
TN:
SF:src/services/weatherService.ts
FN:6,(anonymous_1)
FN:23,(anonymous_2)
FNF:2
FNH:2
FNDA:2,(anonymous_1)
FNDA:2,(anonymous_2)
DA:1,2
DA:3,2
DA:4,2
DA:6,2
DA:7,2
DA:8,1
DA:11,1
DA:20,1
DA:23,2
DA:24,2
DA:25,1
DA:28,1
DA:38,1
LF:13
LH:13
BRDA:7,0,0,1
BRDA:24,1,0,1
BRF:2
BRH:2
end_of_record
TN:
SF:src/utils/apiError.ts
FN:2,(anonymous_0)
FNF:1
FNH:1
FNDA:4,(anonymous_0)
DA:1,2
DA:2,4
DA:3,4
DA:4,4
LF:4
LH:4
BRF:0
BRH:0
end_of_record
